#-----------------------------------------------------------
# Vivado v2016.2 (64-bit)
# SW Build 1577090 on Thu Jun  2 16:32:35 MDT 2016
# IP Build 1577682 on Fri Jun  3 12:00:54 MDT 2016
# Start of session at: Thu May 16 22:43:44 2019
# Process ID: 17745
# Current directory: /users/start2017/r0663636/Private/EAGLE/BaremetalImproved
# Command line: vivado
# Log file: /users/start2017/r0663636/Private/EAGLE/BaremetalImproved/vivado.log
# Journal file: /users/start2017/r0663636/Private/EAGLE/BaremetalImproved/vivado.jou
#-----------------------------------------------------------
start_gui
open_project /users/start2017/r0663636/Private/EAGLE/EAGLE-students-2018/Module_software/ZYBO/HW/drone/drone.xpr
Scanning sources...
Finished scanning sources
INFO: [IP_Flow 19-234] Refreshing IP repositories
INFO: [IP_Flow 19-1700] Loaded user IP repository '/users/start2017/r0663636/Private/EAGLE/EAGLE-students-2018/Module_software/ZYBO/HW/TCL/IP_Repo'.
INFO: [IP_Flow 19-2313] Loaded Vivado IP repository '/esat/micas-data/software/xilinx_vivado_2016.2/Vivado/2016.2/data/ip'.
open_project: Time (s): cpu = 00:00:17 ; elapsed = 00:00:29 . Memory (MB): peak = 6044.406 ; gain = 195.703 ; free physical = 4781 ; free virtual = 44803
update_compile_order -fileset sources_1
launch_sdk -workspace /users/start2017/r0663636/Private/EAGLE/EAGLE-students-2018/Module_software/ZYBO/HW/drone/drone.sdk -hwspec /users/start2017/r0663636/Private/EAGLE/EAGLE-students-2018/Module_software/ZYBO/HW/drone/drone.sdk/drone_wrapper.hdf
INFO: [Vivado 12-393] Launching SDK...
INFO: [Vivado 12-417] Running xsdk -workspace /users/start2017/r0663636/Private/EAGLE/EAGLE-students-2018/Module_software/ZYBO/HW/drone/drone.sdk -hwspec /users/start2017/r0663636/Private/EAGLE/EAGLE-students-2018/Module_software/ZYBO/HW/drone/drone.sdk/drone_wrapper.hdf
INFO: [Vivado 12-3157] SDK launch initiated. Please check console for any further messages.
exit
INFO: [Common 17-206] Exiting Vivado at Fri May 17 00:41:37 2019...
